# JRE version: Java(TM) SE Runtime Environment (8.0_271-b09) (build 1.8.0_271-b09)
# Java VM: Java HotSpot(TM) 64-Bit Server VM (25.271-b09 mixed mode windows-amd64 compressed oops)
Heap:
 PSYoungGen      total 274944K, used 114928K [0x00000000d6600000, 0x00000000e8900000, 0x0000000100000000)
  eden space 252928K, 45% used [0x00000000d6600000,0x00000000dd63c230,0x00000000e5d00000)
  from space 22016K, 0% used [0x00000000e7380000,0x00000000e7380000,0x00000000e8900000)
  to   space 22528K, 0% used [0x00000000e5d00000,0x00000000e5d00000,0x00000000e7300000)
 ParOldGen       total 73216K, used 18477K [0x0000000083200000, 0x0000000087980000, 0x00000000d6600000)
  object space 73216K, 25% used [0x0000000083200000,0x000000008440b498,0x0000000087980000)
 Metaspace       used 22243K, capacity 23162K, committed 23472K, reserved 1069056K
  class space    used 2755K, capacity 2951K, committed 3072K, reserved 1048576K
GC Heap History (10 events):
Event: 2.268 GC heap before
{Heap before GC invocations=5 (full 0):
 PSYoungGen      total 70656K, used 70631K [0x00000000d6600000, 0x00000000db000000, 0x0000000100000000)
  eden space 65536K, 100% used [0x00000000d6600000,0x00000000da600000,0x00000000da600000)
  from space 5120K, 99% used [0x00000000dab00000,0x00000000daff9d40,0x00000000db000000)
  to   space 5120K, 0% used [0x00000000da600000,0x00000000da600000,0x00000000dab00000)
 ParOldGen       total 86016K, used 3167K [0x0000000083200000, 0x0000000088600000, 0x00000000d6600000)
  object space 86016K, 3% used [0x0000000083200000,0x0000000083517dc0,0x0000000088600000)
 Metaspace       used 18128K, capacity 18744K, committed 18816K, reserved 1064960K
  class space    used 2200K, capacity 2392K, committed 2432K, reserved 1048576K
Event: 2.277 GC heap after
Heap after GC invocations=5 (full 0):
 PSYoungGen      total 70656K, used 5096K [0x00000000d6600000, 0x00000000df800000, 0x0000000100000000)
  eden space 65536K, 0% used [0x00000000d6600000,0x00000000d6600000,0x00000000da600000)
  from space 5120K, 99% used [0x00000000da600000,0x00000000daafa090,0x00000000dab00000)
  to   space 9216K, 0% used [0x00000000def00000,0x00000000def00000,0x00000000df800000)
 ParOldGen       total 86016K, used 6810K [0x0000000083200000, 0x0000000088600000, 0x00000000d6600000)
  object space 86016K, 7% used [0x0000000083200000,0x00000000838a6888,0x0000000088600000)
 Metaspace       used 18128K, capacity 18744K, committed 18816K, reserved 1064960K
  class space    used 2200K, capacity 2392K, committed 2432K, reserved 1048576K
}
Event: 2.736 GC heap before
{Heap before GC invocations=6 (full 0):
 PSYoungGen      total 70656K, used 70632K [0x00000000d6600000, 0x00000000df800000, 0x0000000100000000)
  eden space 65536K, 100% used [0x00000000d6600000,0x00000000da600000,0x00000000da600000)
  from space 5120K, 99% used [0x00000000da600000,0x00000000daafa090,0x00000000dab00000)
  to   space 9216K, 0% used [0x00000000def00000,0x00000000def00000,0x00000000df800000)
 ParOldGen       total 86016K, used 6810K [0x0000000083200000, 0x0000000088600000, 0x00000000d6600000)
  object space 86016K, 7% used [0x0000000083200000,0x00000000838a6888,0x0000000088600000)
 Metaspace       used 18553K, capacity 19184K, committed 19328K, reserved 1067008K
  class space    used 2261K, capacity 2402K, committed 2432K, reserved 1048576K
Event: 2.749 GC heap after
Heap after GC invocations=6 (full 0):
 PSYoungGen      total 135680K, used 9184K [0x00000000d6600000, 0x00000000e0100000, 0x0000000100000000)
  eden space 126464K, 0% used [0x00000000d6600000,0x00000000d6600000,0x00000000de180000)
  from space 9216K, 99% used [0x00000000def00000,0x00000000df7f80b8,0x00000000df800000)
  to   space 13824K, 0% used [0x00000000de180000,0x00000000de180000,0x00000000def00000)
 ParOldGen       total 86016K, used 13111K [0x0000000083200000, 0x0000000088600000, 0x00000000d6600000)
  object space 86016K, 15% used [0x0000000083200000,0x0000000083ecdce0,0x0000000088600000)
 Metaspace       used 18553K, capacity 19184K, committed 19328K, reserved 1067008K
  class space    used 2261K, capacity 2402K, committed 2432K, reserved 1048576K
}
Event: 3.607 GC heap before
{Heap before GC invocations=7 (full 0):
 PSYoungGen      total 135680K, used 135648K [0x00000000d6600000, 0x00000000e0100000, 0x0000000100000000)
  eden space 126464K, 100% used [0x00000000d6600000,0x00000000de180000,0x00000000de180000)
  from space 9216K, 99% used [0x00000000def00000,0x00000000df7f80b8,0x00000000df800000)
  to   space 13824K, 0% used [0x00000000de180000,0x00000000de180000,0x00000000def00000)
 ParOldGen       total 86016K, used 13111K [0x0000000083200000, 0x0000000088600000, 0x00000000d6600000)
  object space 86016K, 15% used [0x0000000083200000,0x0000000083ecdce0,0x0000000088600000)
 Metaspace       used 18570K, capacity 19222K, committed 19456K, reserved 1067008K
  class space    used 2265K, capacity 2435K, committed 2560K, reserved 1048576K
Event: 3.633 GC heap after
Heap after GC invocations=7 (full 0):
 PSYoungGen      total 140288K, used 13823K [0x00000000d6600000, 0x00000000e8a00000, 0x0000000100000000)
  eden space 126464K, 0% used [0x00000000d6600000,0x00000000d6600000,0x00000000de180000)
  from space 13824K, 99% used [0x00000000de180000,0x00000000deeffd38,0x00000000def00000)
  to   space 23040K, 0% used [0x00000000e7380000,0x00000000e7380000,0x00000000e8a00000)
 ParOldGen       total 86016K, used 26467K [0x0000000083200000, 0x0000000088600000, 0x00000000d6600000)
  object space 86016K, 30% used [0x0000000083200000,0x0000000084bd8fa8,0x0000000088600000)
 Metaspace       used 18570K, capacity 19222K, committed 19456K, reserved 1067008K
  class space    used 2265K, capacity 2435K, committed 2560K, reserved 1048576K
}
Event: 4.109 GC heap before
{Heap before GC invocations=8 (full 0):
 PSYoungGen      total 140288K, used 112392K [0x00000000d6600000, 0x00000000e8a00000, 0x0000000100000000)
  eden space 126464K, 77% used [0x00000000d6600000,0x00000000dc6425b0,0x00000000de180000)
  from space 13824K, 99% used [0x00000000de180000,0x00000000deeffd38,0x00000000def00000)
  to   space 23040K, 0% used [0x00000000e7380000,0x00000000e7380000,0x00000000e8a00000)
 ParOldGen       total 86016K, used 26467K [0x0000000083200000, 0x0000000088600000, 0x00000000d6600000)
  object space 86016K, 30% used [0x0000000083200000,0x0000000084bd8fa8,0x0000000088600000)
 Metaspace       used 20414K, capacity 21132K, committed 21296K, reserved 1069056K
  class space    used 2492K, capacity 2666K, committed 2688K, reserved 1048576K
Event: 4.119 GC heap after
Heap after GC invocations=8 (full 0):
 PSYoungGen      total 274944K, used 12562K [0x00000000d6600000, 0x00000000e8900000, 0x0000000100000000)
  eden space 252928K, 0% used [0x00000000d6600000,0x00000000d6600000,0x00000000e5d00000)
  from space 22016K, 57% used [0x00000000e7380000,0x00000000e7fc4a28,0x00000000e8900000)
  to   space 22528K, 0% used [0x00000000e5d00000,0x00000000e5d00000,0x00000000e7300000)
 ParOldGen       total 86016K, used 27701K [0x0000000083200000, 0x0000000088600000, 0x00000000d6600000)
  object space 86016K, 32% used [0x0000000083200000,0x0000000084d0d7d8,0x0000000088600000)
 Metaspace       used 20414K, capacity 21132K, committed 21296K, reserved 1069056K
  class space    used 2492K, capacity 2666K, committed 2688K, reserved 1048576K
}
Event: 4.119 GC heap before
{Heap before GC invocations=9 (full 1):
 PSYoungGen      total 274944K, used 12562K [0x00000000d6600000, 0x00000000e8900000, 0x0000000100000000)
  eden space 252928K, 0% used [0x00000000d6600000,0x00000000d6600000,0x00000000e5d00000)
  from space 22016K, 57% used [0x00000000e7380000,0x00000000e7fc4a28,0x00000000e8900000)
  to   space 22528K, 0% used [0x00000000e5d00000,0x00000000e5d00000,0x00000000e7300000)
 ParOldGen       total 86016K, used 27701K [0x0000000083200000, 0x0000000088600000, 0x00000000d6600000)
  object space 86016K, 32% used [0x0000000083200000,0x0000000084d0d7d8,0x0000000088600000)
 Metaspace       used 20414K, capacity 21132K, committed 21296K, reserved 1069056K
  class space    used 2492K, capacity 2666K, committed 2688K, reserved 1048576K
Event: 4.161 GC heap after
Heap after GC invocations=9 (full 1):
 PSYoungGen      total 274944K, used 0K [0x00000000d6600000, 0x00000000e8900000, 0x0000000100000000)
  eden space 252928K, 0% used [0x00000000d6600000,0x00000000d6600000,0x00000000e5d00000)
  from space 22016K, 0% used [0x00000000e7380000,0x00000000e7380000,0x00000000e8900000)
  to   space 22528K, 0% used [0x00000000e5d00000,0x00000000e5d00000,0x00000000e7300000)
 ParOldGen       total 73216K, used 18477K [0x0000000083200000, 0x0000000087980000, 0x00000000d6600000)
  object space 73216K, 25% used [0x0000000083200000,0x000000008440b498,0x0000000087980000)
 Metaspace       used 20412K, capacity 21126K, committed 21296K, reserved 1069056K
  class space    used 2491K, capacity 2665K, committed 2688K, reserved 1048576K
}

